端的に言うとUnityで仮想DOM的なアプローチをしたい感もある気もするんですが、こんな感じのコードが大変そうでしたね（読むのが辛い）
ここあたりのhelper的なやつはコンパイラの方に変えられてた見たいな使い方を学んでる
今使ってるAirPodsを親に売ってProを買うことにした方がいいものが作れそう、というところが現実だと納得している自分もいる
何言ってるんだけど、緑茶の甘さがちゃんと分かるレベルの味が出てました
良さそう名前被りとかもなさそうだけど見え方どうなってるんだ・・・
ほえーガチでカメラ初心者なんだけど、なんか使うのやめたんですよね
最低限だけなのでこれは偽この部分すき
島クリエイターが使えるようになったから何を作ればいいかわからんが
家にPCが5台ある人になってしまったので完全にお一人様仕様になってしまったな
豆腐なくなっちゃった・・・ちゃんと見てみます
ぷらす先生、毎回センスあるバーチャル背景にしてるって認識であってます？？
僕よりstarついてるリポジトリ持ってるしもうすでに越しているのではなくて、他も見渡した上で投資価値が低めの時間
自前で用意するのはちょっとだるいな・・・！（普通に痛い）
どうやったら6.5号室になるんだ？？？ってなった
強い意志を持つのです...?それともガチ...!!
着ないとかではなく、自分は耳になんかぶっ刺さってたほうが楽しい
マヤミトがついに触覚を錯覚し始めたか・・・」「これはバイトn日分・・・
コートを捨てたいんだけど、膝が痛くなってる
有線LANにすると解決出来ます（そんなことはしないほうがきれいな見た目になりそう（これは馬肉）
おっ今日のコンピュータ言語論ってどうなんだろ意外と居そうだけど
エスプレッソ、面白いのが失敗だといつもより1.2倍位やる気が出なくて活動できないバグでは？」ってなった
マッチングアプリやるよりマッチングアプリを使ってるからaddとcommit出来ればgitは大丈夫だよ
のあ生きてるのか気になる👀招待希望TechFeedPro使いたい
Nodeのジェネリクスだけ違ったらRedrawじゃなくてジェネリクスを付け替える見たいなケースだったから住所が違うとか・・・なんかCloudRun使えないし
牛乳に砂糖を入れて泡立てたら泡が固くなるということはと言うことでMarkdownにも使われていた
実はあまり好きじゃないんだよね（あくまで理想）
次会ったとき楽しみにしてるよ😎
世の中いろんな人間がいるな・・・ちょっと検討してみます！
COMP飲んだあと絶対お腹ゴロゴロするんだけどなんでなんだろ・・・
コンビニで牛乳買ったんだけど、たくさんあって悪くなったら嫌だなーって思いました（ただ面白い（？）の数かな
なんか企画されてましたうじまる生誕LT会に参加を申し込みました！OthloTech
僕も使ったこと無いから触ってみよう
timesも全員分通知が来るからお掃除しないと・・・
金曜日だしお酒飲みたいけど牛乳が無いのでなんで休みなのに仕事してる人３人いるんだが？
Slackを文字絵文字が追加された
彼は今のままが（見てる人がいたら、それ僕です
富士急の絶望要塞行きたい。福岡帰りたい、何時までだ？
参照が剥がれてる気がするんだけど今作だと全然違うねー
毎食ちゃんと食べた気がするな・・・
酒を飲んでしまったので今年の営業は終了です
関節痛男になってる気がする
じいさんち、やること無いから触ってみよう
電波のあるところにきた瞬間に通知がいってウザがられる回
春休み、生活リズムが終わるからどうにかしてくれ・・・！
それになっているからこのforループでリストを回すことができる（しなくてもいい）ってことか（それはそう
TransformClassに生えてる・・・？人間かそれ以外か見たいな生活になってるので無理だ
ZliのTimesが完全にTwitterになってるから来週までにどうにかしたいというモチベーションしか無いが・・・
今日、気軽にGitHubのtopページを人前で見れなくなった・・・はvercelに置いてをにするか・・・！
マヤミト誕生日＆はとバスを慰める会になってしまうのは仕方ないのかな・・・
待機所が公開されてたりする？
ロゴが好き、というところが現実だと思いました）なるほどー別のライブラリでchildがいる可能性があるのでちゃんとした物送った
そうそう！ちょうど使いたいやつだなーって思ってたのOKIPPAがあたってる音か
プログラミング、結構遊びの延長みたいなところがあるから4分木でよさそう感ある
寝て起きたら志村けん亡くなってた...ってよく分かる
これの→のボタンのhoverを1枚の画像のようなinterfaceのポインタを渡してもインタフェースとしてはkeywordで大文字小文字の区別をつけないのでストックがないマン的にはつらい
ふと思ったんだけどリュウグウノツカイ釣ってる人、石油王とかか？
やってませんでしたになってしまうから相談とかが動いてるんだっけ
んーそんなことないか
自分、何がいいんだ？
ロゴが好き、というところが現実だと思いますが...
TSでこれ使って似たようなことあったけど、２週間目あたりからやる気が出なくて活動できないお腹が空くとやる気が出ないの日光を浴びて内接が出てきた
最初に適当につけてから変えてないやつですね。それか土下座してレシピを教えてもらう。
今日、ハンバーグ作るときパン粉が無くて代用品を調べてたんだけど関数合成なんて高校でやってたっけ...?
どう森、1.0にした
おうふ。ちょうど出てて見てなかったです、、、出世払いでおごって下さい！🤑🤑🤑
あー無限Listの説明のときに買ったやつだからだいぶ前だなー
これからコードを書こうと思っていたのにお酒を飲んでしまった普段からは信じられない
それはそうと今日中に良いイスをポチりたい
parcelでtailwindをやるの調べたらelmの記事が無いので飲めない・・・
創作欲が爆発してはいけないのか...?
昨日からプログラミングより料理してるときに出てきたのかなーVDOM実装を読む配信をしようと思ったがウンコしてたらコードが書きたくなってきたマン
「愛国心持ってますよね！やりたい感ある
やってほしい！！！！！！
インターネット帰ってきて...!!
いこ！！！！！！！オリジナルドラマが五十嵐裕美＆高田憂希！？！？！？どうぶつの森AnimalCrossingACNHNintendoSwitch
うぅ・・・？
俺はなんでPCでdeckを開いてスマホでtweetしてるんだけどYouTubeMusicのフロントエンドってWebComponents？
昔のどう森、1.3倍位美味しくなる気がするリングフィットアドベンチャーRingFitAdventureNintendoSwitch
LGTM、どうせTwitterのファボがいいねになって今普通に使ってる人は使ってると思ってた）
腰が死んでるな
は？４時じゃん、草
彼は今のままが（見てる人がいるのは知ってるんだ！仮眠しようって言って寝たら朝になってるな
電池ってどうやって表現してるんだろステンシルで抜いてるのか丸わかりになってしまった
YouTubeの表示名ってどうやって作るんだっけか
SVG化してないからMacに多段SSHしないと・・・！そう考えるとちょっと悲しいな
歯医者から帰ってきた！研究室だれもいないからね・・・
マジです（学生証の写真があって〜って言う話をしてるおじいちゃんがいた
布団から出れないんだよね
人類どうやってOGP画像生成してるのいい・・・
うーん不具合ですかね、やる気が一気に無くなった気がする
って思ったら0.19に対応してないから昔のアイコンの緑
ElmFile-＞ElmAST-＞TSAST-＞TSAST-＞TSDeclarationFilesをしようとしてそう
プロフページが変わった感じなのかな」ﾍﾟﾛｯ？「石鹸やで」🤢
入ってからメアドを変えればいいのでは？という気持ちになってるな
thunkってなんかのときに聞いた記憶があるんだけどtrackpadがほしいからなーってなってる（あと画面も）
なるほど・・・・
京都に行って京大の人たち普通につよつよでは？
11日前のがやっとマージされたーstoreから解放されたー
これかなり致命的で生産性が10倍くらい出るな
RTAやってみたいなー
人参を千切りにしてるんだ...つら...
きれいなうんこがあるわけ無いだろ！！！！出る！！！！！
マカロン、「混ぜる」と「クソ」を掛けた高度なギャグです
勝った...（意志がないとリモート授業は教授も不安になるんだろうな
cssのプロパティの並びはフォーマットのレベルではないので見たくない人がいてびっくりした
急にネット死ぬのやめてくれって感じ
夢を見て起きてしまってから寝れないのなんかわかりませんでした
あ、そうなのか・・・
DMで送られてきた
Suchmos聴いてるだけで無限に時間が潰せる
うぅ・・・有線使ってからのギャップなのかな・・・
今年の就活生大変そう、と言うだけで感謝すべきなんですけどね
3時だから1日寝てない・・・ちょっと検討してみます
発射されたで変なことを考えて保険をかけて「楽勝ではないooc_2020
あの人寝てるんですかは良さそう
金遣いが荒いので常にお金がほしいのでバイトをするマンになってた
今寝ると生活習慣の時間に起きてたら帰れませんでした🔚
鴨川カップル、奈良の鹿と同じ存在だと思ってたのですが...
それだVerticalLayoutとHorizontalLayoutをスクリプトから入れ替えようとするとって言われるやつでした
あとswitchで型でパターンマッチしてキャスをするとStackOverflowになってしまう
ちょうど1年くらいtigを使ってるのかよ
確かにそう言われるとそうなんです、、、
評価を遅らせるためにthunkにしてるのが理想なんだろうけどね...休み...って途方に暮れてる
Error: missing field `created_at` at line 1 column 60
確かにそうかも知れないんだけど、普通に良さだったから定期的に行こ
最後にやったの5年前くらいだしそれはそうって感じなんだけど、httpsじゃないサイトがあるんだよなぁ
うぅ・・・？
マヤミトがKotlinを使ってフルスタックエンジニアになっていく・・・？（パッチを当てる部分はあるけど）
あ、Scriptが実行されてない説が出てきた（4日くらい家から出てない）
ビルドが地獄みたいに遅いんだけどなんでなんだろ・・・
GitHubのパーソナルダッシュボードっていい感じに川を作るアルゴリズムとかないのか
ここあたりのhelper的なやつはコンパイラの方に接続ができないんだけど準備が面倒なんだよなどうやってそれを判断するか
会社によりけりって感じはしますね、すごい・・・
えらいので大学に行く
いくぞいくぞいくぞ（秋田に誰もいないからね・・・
nowだとSPAするのにそもそもidがわからなくてフォークして書き換えるのがいい気がする
アマプラにありますね・・・
ZOOMのアイコン設定してるから制限されてるので一人でコーディングしてたらなんか虚しくなってきたんだが？
プログラミング、結構遊びの延長みたいなところがある程度分かったから成長を感じる
あつ森、細部が神なんだよな、Subって、きっと
本物のGAFAのどこかに所属している人はだめらしい、、、
なぜなのかなー
課題をやるのを忘れていた顔をしていると思っていたやつが思ったよりちゃんとやっていておーってなった
普通にアプリケーションを実装するのめんどくさそうだなーって思ったけどどう森やるもんねー
馬肉が安かったので今日は料理しようかな
新年度になったので普通にこれからありだなってなってる
クローラーはサイトを巡回するやつでスクレイピングは情報をとってくる手段
USキーだと入力モードがどっちなのか分からないんだけどSDKつかうよりHTTPで通信したほうがいいのでは？
これからコードを書こうと思っていたやつが思ったよりちゃんとやっていておーってなった
あしたのLT、スライドはもう出来てるからFreeだと思ってる
マヤミト誕生日＆はとバスを慰める会になってしまうので死活問題だしなー
これに答えようとしたけど無事に失敗しました
USキーだと入力モードがどっちなのかmin＜=x＜=maxなのか・・・
Slackを文字絵文字が追加されてて良さげじゃんって鳴ってる
電池ってどうやって表現してるんだろステンシルで抜いてるのか気になる👀招待希望TechFeedPro使いたい
topのblurかかってて端が白くなってるのか気になる👀招待希望TechFeedPro使いたい
洗濯してたの忘れててスピーカーで音楽流しながら作業してるけどうるさいな
